[35m[Appium][39m Welcome to Appium v1.18.1
[35m[Appium][39m Non-default server args:
[35m[Appium][39m   port: 56274
[35m[Appium][39m   loglevel: info
[35m[Appium][39m   tmpDir: C:\Users\user\AppData\Local\Temp\\Katalon\Appium\Temp1600421941584
[35m[Appium][39m   chromedriverPort: 56275
[35m[Appium][39m Deprecated server args:
[35m[Appium][39m   [31m--chromedriver-port[39m => --default-capabilities '{"chromedriverPort":56275}'
[35m[Appium][39m Default capabilities, which will be added to each request unless overridden by desired capabilities:
[35m[Appium][39m   chromedriverPort: 56275
[35m[Appium][39m Appium REST http interface listener started on 0.0.0.0:56274
[35m[HTTP][39m [37m-->[39m [37mGET[39m [37m/wd/hub/status[39m
[35m[HTTP][39m [90m{}[39m
[35m[HTTP][39m [37m<-- GET /wd/hub/status [39m[32m200[39m [90m5 ms - 68[39m
[35m[HTTP][39m [90m[39m
[35m[HTTP][39m [37m-->[39m [37mGET[39m [37m/wd/hub/status[39m
[35m[HTTP][39m [90m{}[39m
[35m[HTTP][39m [37m<-- GET /wd/hub/status [39m[32m200[39m [90m1 ms - 68[39m
[35m[HTTP][39m [90m[39m
[35m[HTTP][39m [37m-->[39m [37mPOST[39m [37m/wd/hub/session[39m
[35m[HTTP][39m [90m{"desiredCapabilities":{"app":"C:\\Users\\user\\Katalon Studio\\Sunline_CP3\\androidapp\\helloTiny-release.apk","noReset":true,"appWaitActivity":"com.*","deviceId":"32d5d90b","deviceName":"Xiaomi POCOPHONE F1 (Android 10)","fullReset":false,"platform":"ANDROID","newCommandTimeout":1800,"platformVersion":"10","automationName":"uiautomator2","autoGrantPermissions":true,"platformName":"Android","udid":"32d5d90b","systemPort":56284},"capabilities":{"firstMatch":[{"appium:app":"C:\\Users\\user\\Katalon Studio\\Sunline_CP3\\androidapp\\helloTiny-release.apk","appium:appWaitActivity":"com.*","appium:autoGrantPermissions":true,"appium:automationName":"uiautomator2","deviceId":"32d5d90b","appium:deviceName":"Xiaomi POCOPHONE F1 (Android 10)","appium:fullReset":false,"appium:newCommandTimeout":1800,"appium:noReset":true,"platform":"ANDROID","platformName":"android","appium:platformVersion":"10","appium:systemPort":56284,"appium:udid":"32d5d90b"}]}}[39m
[35m[BaseDriver][39m The following capabilities are not standard capabilities and should have an extension prefix:
[35m[BaseDriver][39m   deviceId
[35m[BaseDriver][39m   platform
[35m[BaseDriver][39m   chromedriverPort
[35m[Appium][39m Appium v1.18.1 creating new AndroidUiautomator2Driver (v1.56.1) session
[35m[BaseDriver][39m The following capabilities were provided, but are not recognized by Appium:
[35m[BaseDriver][39m   deviceId
[35m[BaseDriver][39m   platform
[35m[BaseDriver][39m Session created with session id: 5b8f056c-179a-4b03-a6ac-db9b5b66dc8f
[35m[BaseDriver][39m Using local app 'C:\Users\user\Katalon Studio\Sunline_CP3\androidapp\helloTiny-release.apk'
[35m[ADB][39m Found 1 'build-tools' folders under 'C:\Users\user\.katalon\tools\android_sdk' (newest first):
[35m[ADB][39m     C:/Users/user/.katalon/tools/android_sdk/build-tools/29.0.3
[35m[ADB][39m Using 'adb.exe' from 'C:\Users\user\.katalon\tools\android_sdk\platform-tools\adb.exe'
[35m[AndroidDriver][39m Retrieving device list
[35m[AndroidDriver][39m Using device: 32d5d90b
[35m[ADB][39m Using 'adb.exe' from 'C:\Users\user\.katalon\tools\android_sdk\platform-tools\adb.exe'
[35m[ADB][39m Getting device platform version
[35m[UiAutomator2][39m Relaxing hidden api policy
[35m[ADB][39m Package name: 'com.sunline.sinarmas'
[35m[ADB][39m Main activity name: 'com.example.hellotiny.SplashActivity'
[35m[ADB][39m Using 'apksigner.jar' from 'C:\Users\user\.katalon\tools\android_sdk\build-tools\29.0.3\lib\apksigner.jar'
[35m[UiAutomator2][39m Server packages are not going to be (re)installed
[35m[UiAutomator2][39m Starting UIAutomator2 server 4.12.2
[35m[UiAutomator2][39m Using UIAutomator2 server from 'C:\Users\user\AppData\Roaming\npm\node_modules\appium\node_modules\appium-uiautomator2-server\apks\appium-uiautomator2-server-v4.12.2.apk' and test from 'C:\Users\user\AppData\Roaming\npm\node_modules\appium\node_modules\appium-uiautomator2-server\apks\appium-uiautomator2-server-debug-androidTest.apk'
[35m[UiAutomator2][39m Waiting up to 30000ms for UiAutomator2 to be online...
[35m[WD Proxy][39m socket hang up
[35m[WD Proxy][39m socket hang up
[35m[WD Proxy][39m socket hang up
[35m[WD Proxy][39m Determined the downstream protocol as 'W3C'
[35m[AndroidDriver][39m Screen already unlocked, doing nothing
[35m[UiAutomator2][39m Starting 'com.sunline.sinarmas/com.example.hellotiny.SplashActivity and waiting for 'com.sunline.sinarmas/com.*'
[35m[Appium][39m New AndroidUiautomator2Driver session created successfully, session 5b8f056c-179a-4b03-a6ac-db9b5b66dc8f added to master session list
[35m[HTTP][39m [37m<-- POST /wd/hub/session [39m[32m200[39m [90m23908 ms - 1403[39m
[35m[HTTP][39m [90m[39m
[35m[HTTP][39m [37m-->[39m [37mGET[39m [37m/wd/hub/session/5b8f056c-179a-4b03-a6ac-db9b5b66dc8f[39m
[35m[HTTP][39m [90m{}[39m
[35m[HTTP][39m [37m<-- GET /wd/hub/session/5b8f056c-179a-4b03-a6ac-db9b5b66dc8f [39m[32m200[39m [90m18 ms - 1357[39m
[35m[HTTP][39m [90m[39m
[35m[HTTP][39m [37m-->[39m [37mGET[39m [37m/wd/hub/session/5b8f056c-179a-4b03-a6ac-db9b5b66dc8f[39m
[35m[HTTP][39m [90m{}[39m
[35m[HTTP][39m [37m<-- GET /wd/hub/session/5b8f056c-179a-4b03-a6ac-db9b5b66dc8f [39m[32m200[39m [90m13 ms - 1357[39m
[35m[HTTP][39m [90m[39m
[35m[HTTP][39m [37m-->[39m [37mGET[39m [37m/wd/hub/status[39m
[35m[HTTP][39m [90m{}[39m
[35m[HTTP][39m [37m<-- GET /wd/hub/status [39m[32m200[39m [90m2 ms - 68[39m
[35m[HTTP][39m [90m[39m
[35m[HTTP][39m [37m-->[39m [37mPOST[39m [37m/wd/hub/session/5b8f056c-179a-4b03-a6ac-db9b5b66dc8f/timeouts[39m
[35m[HTTP][39m [90m{"implicit":60000}[39m
[35m[HTTP][39m [37m<-- POST /wd/hub/session/5b8f056c-179a-4b03-a6ac-db9b5b66dc8f/timeouts [39m[32m200[39m [90m5 ms - 14[39m
[35m[HTTP][39m [90m[39m
[35m[HTTP][39m [37m-->[39m [37mGET[39m [37m/wd/hub/session/5b8f056c-179a-4b03-a6ac-db9b5b66dc8f/source[39m
[35m[HTTP][39m [90m{}[39m
[35m[W3C (5b8f056c)][39m Driver proxy active, passing request on via HTTP proxy
[35m[WD Proxy][39m Replacing sessionId f6d554ca-c5be-46bf-a96f-328135487917 with 5b8f056c-179a-4b03-a6ac-db9b5b66dc8f
[35m[HTTP][39m [37m<-- GET /wd/hub/session/5b8f056c-179a-4b03-a6ac-db9b5b66dc8f/source [39m[32m200[39m [90m1834 ms - 17068[39m
[35m[HTTP][39m [90m[39m
[35m[HTTP][39m [37m-->[39m [37mGET[39m [37m/wd/hub/session/5b8f056c-179a-4b03-a6ac-db9b5b66dc8f/screenshot[39m
[35m[HTTP][39m [90m{}[39m
[35m[HTTP][39m [37m<-- GET /wd/hub/session/5b8f056c-179a-4b03-a6ac-db9b5b66dc8f/screenshot [39m[32m200[39m [90m649 ms - 580226[39m
[35m[HTTP][39m [90m[39m
[35m[HTTP][39m [37m-->[39m [37mGET[39m [37m/wd/hub/session/5b8f056c-179a-4b03-a6ac-db9b5b66dc8f/source[39m
[35m[HTTP][39m [90m{}[39m
[35m[W3C (5b8f056c)][39m Driver proxy active, passing request on via HTTP proxy
[35m[WD Proxy][39m Replacing sessionId f6d554ca-c5be-46bf-a96f-328135487917 with 5b8f056c-179a-4b03-a6ac-db9b5b66dc8f
[35m[HTTP][39m [37m<-- GET /wd/hub/session/5b8f056c-179a-4b03-a6ac-db9b5b66dc8f/source [39m[32m200[39m [90m197 ms - 16833[39m
[35m[HTTP][39m [90m[39m
[35m[HTTP][39m [37m-->[39m [37mGET[39m [37m/wd/hub/session/5b8f056c-179a-4b03-a6ac-db9b5b66dc8f/screenshot[39m
[35m[HTTP][39m [90m{}[39m
[35m[HTTP][39m [37m<-- GET /wd/hub/session/5b8f056c-179a-4b03-a6ac-db9b5b66dc8f/screenshot [39m[32m200[39m [90m1058 ms - 128478[39m
[35m[HTTP][39m [90m[39m
[35m[HTTP][39m [37m-->[39m [37mGET[39m [37m/wd/hub/session/5b8f056c-179a-4b03-a6ac-db9b5b66dc8f/source[39m
[35m[HTTP][39m [90m{}[39m
[35m[W3C (5b8f056c)][39m Driver proxy active, passing request on via HTTP proxy
[35m[WD Proxy][39m Replacing sessionId f6d554ca-c5be-46bf-a96f-328135487917 with 5b8f056c-179a-4b03-a6ac-db9b5b66dc8f
[35m[HTTP][39m [37m<-- GET /wd/hub/session/5b8f056c-179a-4b03-a6ac-db9b5b66dc8f/source [39m[32m200[39m [90m109 ms - 9838[39m
[35m[HTTP][39m [90m[39m
[35m[HTTP][39m [37m-->[39m [37mGET[39m [37m/wd/hub/session/5b8f056c-179a-4b03-a6ac-db9b5b66dc8f/screenshot[39m
[35m[HTTP][39m [90m{}[39m
[35m[HTTP][39m [37m<-- GET /wd/hub/session/5b8f056c-179a-4b03-a6ac-db9b5b66dc8f/screenshot [39m[32m200[39m [90m1053 ms - 115588[39m
[35m[HTTP][39m [90m[39m
[35m[HTTP][39m [37m-->[39m [37mGET[39m [37m/wd/hub/session/5b8f056c-179a-4b03-a6ac-db9b5b66dc8f/source[39m
[35m[HTTP][39m [90m{}[39m
[35m[W3C (5b8f056c)][39m Driver proxy active, passing request on via HTTP proxy
[35m[WD Proxy][39m Replacing sessionId f6d554ca-c5be-46bf-a96f-328135487917 with 5b8f056c-179a-4b03-a6ac-db9b5b66dc8f
[35m[HTTP][39m [37m<-- GET /wd/hub/session/5b8f056c-179a-4b03-a6ac-db9b5b66dc8f/source [39m[32m200[39m [90m99 ms - 9838[39m
[35m[HTTP][39m [90m[39m
[35m[HTTP][39m [37m-->[39m [37mGET[39m [37m/wd/hub/session/5b8f056c-179a-4b03-a6ac-db9b5b66dc8f/screenshot[39m
[35m[HTTP][39m [90m{}[39m
[35m[HTTP][39m [37m<-- GET /wd/hub/session/5b8f056c-179a-4b03-a6ac-db9b5b66dc8f/screenshot [39m[32m200[39m [90m786 ms - 115428[39m
[35m[HTTP][39m [90m[39m
[35m[HTTP][39m [37m-->[39m [37mPOST[39m [37m/wd/hub/session/5b8f056c-179a-4b03-a6ac-db9b5b66dc8f/elements[39m
[35m[HTTP][39m [90m{"using":"-android uiautomator","value":"new UiSelector().className(\"hierarchy\").index(0)"}[39m
[35m[HTTP][39m [37m<-- POST /wd/hub/session/5b8f056c-179a-4b03-a6ac-db9b5b66dc8f/elements [39m[32m200[39m [90m60487 ms - 12[39m
[35m[HTTP][39m [90m[39m
[35m[HTTP][39m [37m-->[39m [37mGET[39m [37m/wd/hub/session/5b8f056c-179a-4b03-a6ac-db9b5b66dc8f/source[39m
[35m[HTTP][39m [90m{}[39m
[35m[W3C (5b8f056c)][39m Driver proxy active, passing request on via HTTP proxy
[35m[WD Proxy][39m Replacing sessionId f6d554ca-c5be-46bf-a96f-328135487917 with 5b8f056c-179a-4b03-a6ac-db9b5b66dc8f
[35m[HTTP][39m [37m<-- GET /wd/hub/session/5b8f056c-179a-4b03-a6ac-db9b5b66dc8f/source [39m[32m200[39m [90m296 ms - 38352[39m
[35m[HTTP][39m [90m[39m
[35m[HTTP][39m [37m-->[39m [37mGET[39m [37m/wd/hub/session/5b8f056c-179a-4b03-a6ac-db9b5b66dc8f/screenshot[39m
[35m[HTTP][39m [90m{}[39m
[35m[HTTP][39m [37m<-- GET /wd/hub/session/5b8f056c-179a-4b03-a6ac-db9b5b66dc8f/screenshot [39m[32m200[39m [90m777 ms - 13084[39m
[35m[HTTP][39m [90m[39m
[35m[HTTP][39m [37m-->[39m [37mGET[39m [37m/wd/hub/session/5b8f056c-179a-4b03-a6ac-db9b5b66dc8f/source[39m
[35m[HTTP][39m [90m{}[39m
[35m[W3C (5b8f056c)][39m Driver proxy active, passing request on via HTTP proxy
[35m[WD Proxy][39m Replacing sessionId f6d554ca-c5be-46bf-a96f-328135487917 with 5b8f056c-179a-4b03-a6ac-db9b5b66dc8f
[35m[HTTP][39m [37m<-- GET /wd/hub/session/5b8f056c-179a-4b03-a6ac-db9b5b66dc8f/source [39m[32m200[39m [90m66 ms - 9838[39m
[35m[HTTP][39m [90m[39m
[35m[HTTP][39m [37m-->[39m [37mGET[39m [37m/wd/hub/session/5b8f056c-179a-4b03-a6ac-db9b5b66dc8f/screenshot[39m
[35m[HTTP][39m [90m{}[39m
[35m[HTTP][39m [37m<-- GET /wd/hub/session/5b8f056c-179a-4b03-a6ac-db9b5b66dc8f/screenshot [39m[32m200[39m [90m766 ms - 118068[39m
[35m[HTTP][39m [90m[39m
[35m[HTTP][39m [37m-->[39m [37mGET[39m [37m/wd/hub/session/5b8f056c-179a-4b03-a6ac-db9b5b66dc8f/source[39m
[35m[HTTP][39m [90m{}[39m
[35m[W3C (5b8f056c)][39m Driver proxy active, passing request on via HTTP proxy
[35m[WD Proxy][39m Replacing sessionId f6d554ca-c5be-46bf-a96f-328135487917 with 5b8f056c-179a-4b03-a6ac-db9b5b66dc8f
[35m[HTTP][39m [37m<-- GET /wd/hub/session/5b8f056c-179a-4b03-a6ac-db9b5b66dc8f/source [39m[32m200[39m [90m104 ms - 16840[39m
[35m[HTTP][39m [90m[39m
[35m[HTTP][39m [37m-->[39m [37mGET[39m [37m/wd/hub/session/5b8f056c-179a-4b03-a6ac-db9b5b66dc8f/screenshot[39m
[35m[HTTP][39m [90m{}[39m
[35m[HTTP][39m [37m<-- GET /wd/hub/session/5b8f056c-179a-4b03-a6ac-db9b5b66dc8f/screenshot [39m[32m200[39m [90m771 ms - 131682[39m
[35m[HTTP][39m [90m[39m
[35m[HTTP][39m [37m-->[39m [37mPOST[39m [37m/wd/hub/session/5b8f056c-179a-4b03-a6ac-db9b5b66dc8f/elements[39m
[35m[HTTP][39m [90m{"using":"-android uiautomator","value":"new UiSelector().className(\"android.widget.FrameLayout\").packageName(\"com.sunline.sinarmas\").enabled(true).clickable(false).longClickable(false).checkable(false).checked(false).focusable(true).focused(false).scrollable(false).selected(false).index(0)"}[39m
[35m[HTTP][39m [37m<-- POST /wd/hub/session/5b8f056c-179a-4b03-a6ac-db9b5b66dc8f/elements [39m[32m200[39m [90m4903 ms - 1803[39m
[35m[HTTP][39m [90m[39m
[35m[HTTP][39m [37m-->[39m [37mPOST[39m [37m/wd/hub/session/5b8f056c-179a-4b03-a6ac-db9b5b66dc8f/elements[39m
[35m[HTTP][39m [90m{"using":"accessibility id","value":"code"}[39m
[35m[HTTP][39m [37m<-- POST /wd/hub/session/5b8f056c-179a-4b03-a6ac-db9b5b66dc8f/elements [39m[32m200[39m [90m45 ms - 139[39m
[35m[HTTP][39m [90m[39m
[35m[HTTP][39m [37m-->[39m [37mPOST[39m [37m/wd/hub/session/5b8f056c-179a-4b03-a6ac-db9b5b66dc8f/elements[39m
[35m[HTTP][39m [90m{"using":"-android uiautomator","value":"new UiSelector().className(\"android.widget.RelativeLayout\").packageName(\"com.sunline.sinarmas\").enabled(true).clickable(false).longClickable(false).checkable(false).checked(false).focusable(false).focused(false).scrollable(false).selected(false).index(0)"}[39m
[35m[HTTP][39m [37m<-- POST /wd/hub/session/5b8f056c-179a-4b03-a6ac-db9b5b66dc8f/elements [39m[32m200[39m [90m58 ms - 267[39m
[35m[HTTP][39m [90m[39m
[35m[HTTP][39m [37m-->[39m [37mPOST[39m [37m/wd/hub/session/5b8f056c-179a-4b03-a6ac-db9b5b66dc8f/elements[39m
[35m[HTTP][39m [90m{"using":"-android uiautomator","value":"new UiSelector().className(\"android.widget.LinearLayout\").packageName(\"com.sunline.sinarmas\").enabled(true).clickable(false).longClickable(false).checkable(false).checked(false).focusable(false).focused(false).scrollable(false).selected(false).index(0)"}[39m
[35m[HTTP][39m [37m<-- POST /wd/hub/session/5b8f056c-179a-4b03-a6ac-db9b5b66dc8f/elements [39m[32m200[39m [90m95 ms - 523[39m
[35m[HTTP][39m [90m[39m
[35m[HTTP][39m [37m-->[39m [37mPOST[39m [37m/wd/hub/session/5b8f056c-179a-4b03-a6ac-db9b5b66dc8f/elements[39m
[35m[HTTP][39m [90m{"using":"-android uiautomator","value":"new UiSelector().className(\"android.widget.FrameLayout\").packageName(\"com.sunline.sinarmas\").enabled(true).clickable(false).longClickable(false).checkable(false).checked(false).focusable(true).focused(false).scrollable(false).selected(false).index(5)"}[39m
[35m[HTTP][39m [37m<-- POST /wd/hub/session/5b8f056c-179a-4b03-a6ac-db9b5b66dc8f/elements [39m[32m200[39m [90m44 ms - 139[39m
[35m[HTTP][39m [90m[39m
[35m[HTTP][39m [37m-->[39m [37mPOST[39m [37m/wd/hub/session/5b8f056c-179a-4b03-a6ac-db9b5b66dc8f/elements[39m
[35m[HTTP][39m [90m{"using":"-android uiautomator","value":"new UiSelector().className(\"android.widget.FrameLayout\").packageName(\"com.sunline.sinarmas\").enabled(true).clickable(false).longClickable(false).checkable(false).checked(false).focusable(true).focused(false).scrollable(false).selected(false).index(1)"}[39m
[35m[HTTP][39m [37m<-- POST /wd/hub/session/5b8f056c-179a-4b03-a6ac-db9b5b66dc8f/elements [39m[32m200[39m [90m94 ms - 523[39m
[35m[HTTP][39m [90m[39m
[35m[HTTP][39m [37m-->[39m [37mDELETE[39m [37m/wd/hub/session/5b8f056c-179a-4b03-a6ac-db9b5b66dc8f[39m
[35m[HTTP][39m [90m{}[39m
[35m[Appium][39m Removing session 5b8f056c-179a-4b03-a6ac-db9b5b66dc8f from our master session list
[35m[UiAutomator2][39m Restoring hidden api policy to the device default configuration
[35m[HTTP][39m [37m<-- DELETE /wd/hub/session/5b8f056c-179a-4b03-a6ac-db9b5b66dc8f [39m[32m200[39m [90m1087 ms - 14[39m
[35m[HTTP][39m [90m[39m
